<?xml version="1.0" encoding="utf-8"?><testsuites name="pytest tests"><testsuite name="pytest" errors="0" failures="0" skipped="0" tests="3" time="18.371" timestamp="2025-08-22T08:10:54.652958+02:00" hostname="ptisnovs-thinkpadt14gen3.brq.csb"><testcase classname="tests.integration.test_configuration" name="test_default_configuration" time="0.006" /><testcase classname="tests.integration.test_configuration" name="test_loading_proper_configuration" time="0.017" /><testcase classname="tests.integration.test_version" name="test_version_handling" time="12.691" /></testsuite></testsuites>