<?xml version="1.0" encoding="utf-8"?><testsuites name="pytest tests"><testsuite name="pytest" errors="0" failures="0" skipped="0" tests="320" time="7.919" timestamp="2025-08-22T08:11:37.882782+02:00" hostname="ptisnovs-thinkpadt14gen3.brq.csb"><testcase classname="tests.unit.app.endpoints.test_authorized" name="test_authorized_endpoint" time="0.006" /><testcase classname="tests.unit.app.endpoints.test_authorized" name="test_authorized_unauthorized" time="0.002" /><testcase classname="tests.unit.app.endpoints.test_authorized" name="test_authorized_dependency_unauthorized" time="0.001" /><testcase classname="tests.unit.app.endpoints.test_config" name="test_config_endpoint_handler_configuration_not_loaded" time="0.005" /><testcase classname="tests.unit.app.endpoints.test_config" name="test_config_endpoint_handler_configuration_loaded" time="0.001" /><testcase classname="tests.unit.app.endpoints.test_conversations.TestSimplifySessionData" name="test_simplify_session_data_with_model_dump" time="0.002" /><testcase classname="tests.unit.app.endpoints.test_conversations.TestSimplifySessionData" name="test_simplify_session_data_empty_turns" time="0.001" /><testcase classname="tests.unit.app.endpoints.test_conversations.TestSimplifySessionData" name="test_simplify_session_data_filters_unwanted_fields" time="0.001" /><testcase classname="tests.unit.app.endpoints.test_conversations.TestGetConversationEndpoint" name="test_configuration_not_loaded" time="0.002" /><testcase classname="tests.unit.app.endpoints.test_conversations.TestGetConversationEndpoint" name="test_invalid_conversation_id_format" time="0.030" /><testcase classname="tests.unit.app.endpoints.test_conversations.TestGetConversationEndpoint" name="test_llama_stack_connection_error" time="0.007" /><testcase classname="tests.unit.app.endpoints.test_conversations.TestGetConversationEndpoint" name="test_llama_stack_not_found_error" time="0.007" /><testcase classname="tests.unit.app.endpoints.test_conversations.TestGetConversationEndpoint" name="test_session_retrieve_exception" time="0.542" /><testcase classname="tests.unit.app.endpoints.test_conversations.TestGetConversationEndpoint" name="test_successful_conversation_retrieval" time="0.006" /><testcase classname="tests.unit.app.endpoints.test_conversations.TestDeleteConversationEndpoint" name="test_configuration_not_loaded" time="0.002" /><testcase classname="tests.unit.app.endpoints.test_conversations.TestDeleteConversationEndpoint" name="test_invalid_conversation_id_format" time="0.004" /><testcase classname="tests.unit.app.endpoints.test_conversations.TestDeleteConversationEndpoint" name="test_llama_stack_connection_error" time="0.010" /><testcase classname="tests.unit.app.endpoints.test_conversations.TestDeleteConversationEndpoint" name="test_llama_stack_not_found_error" time="0.012" /><testcase classname="tests.unit.app.endpoints.test_conversations.TestDeleteConversationEndpoint" name="test_session_deletion_exception" time="0.506" /><testcase classname="tests.unit.app.endpoints.test_conversations.TestDeleteConversationEndpoint" name="test_successful_conversation_deletion" time="0.007" /><testcase classname="tests.unit.app.endpoints.test_conversations.TestGetConversationsListEndpoint" name="test_configuration_not_loaded" time="0.001" /><testcase classname="tests.unit.app.endpoints.test_conversations.TestGetConversationsListEndpoint" name="test_successful_conversations_list_retrieval" time="0.005" /><testcase classname="tests.unit.app.endpoints.test_conversations.TestGetConversationsListEndpoint" name="test_empty_conversations_list" time="0.004" /><testcase classname="tests.unit.app.endpoints.test_conversations.TestGetConversationsListEndpoint" name="test_database_exception" time="0.759" /><testcase classname="tests.unit.app.endpoints.test_feedback" name="test_is_feedback_enabled" time="0.001" /><testcase classname="tests.unit.app.endpoints.test_feedback" name="test_is_feedback_disabled" time="0.001" /><testcase classname="tests.unit.app.endpoints.test_feedback" name="test_assert_feedback_enabled_disabled" time="0.004" /><testcase classname="tests.unit.app.endpoints.test_feedback" name="test_assert_feedback_enabled" time="0.004" /><testcase classname="tests.unit.app.endpoints.test_feedback" name="test_feedback_endpoint_handler[no_categories]" time="0.004" /><testcase classname="tests.unit.app.endpoints.test_feedback" name="test_feedback_endpoint_handler[with_negative_categories]" time="0.003" /><testcase classname="tests.unit.app.endpoints.test_feedback" name="test_feedback_endpoint_handler_error" time="0.009" /><testcase classname="tests.unit.app.endpoints.test_feedback" name="test_store_feedback[negative_text_feedback]" time="0.010" /><testcase classname="tests.unit.app.endpoints.test_feedback" name="test_store_feedback[negative_feedback_with_categories]" time="0.010" /><testcase classname="tests.unit.app.endpoints.test_feedback" name="test_store_feedback_on_io_error[negative_text_feedback]" time="0.012" /><testcase classname="tests.unit.app.endpoints.test_feedback" name="test_store_feedback_on_io_error[negative_feedback_with_categories]" time="0.010" /><testcase classname="tests.unit.app.endpoints.test_feedback" name="test_feedback_status" time="0.001" /><testcase classname="tests.unit.app.endpoints.test_health" name="test_readiness_probe_fails_due_to_unhealthy_providers" time="0.003" /><testcase classname="tests.unit.app.endpoints.test_health" name="test_readiness_probe_success_when_all_providers_healthy" time="0.003" /><testcase classname="tests.unit.app.endpoints.test_health" name="test_liveness_probe" time="0.001" /><testcase classname="tests.unit.app.endpoints.test_health.TestProviderHealthStatus" name="test_provider_health_status_creation" time="0.001" /><testcase classname="tests.unit.app.endpoints.test_health.TestProviderHealthStatus" name="test_provider_health_status_optional_fields" time="0.001" /><testcase classname="tests.unit.app.endpoints.test_health.TestGetProvidersHealthStatuses" name="test_get_providers_health_statuses" time="0.004" /><testcase classname="tests.unit.app.endpoints.test_health.TestGetProvidersHealthStatuses" name="test_get_providers_health_statuses_connection_error" time="0.005" /><testcase classname="tests.unit.app.endpoints.test_info" name="test_info_endpoint" time="0.001" /><testcase classname="tests.unit.app.endpoints.test_metrics" name="test_metrics_endpoint" time="0.004" /><testcase classname="tests.unit.app.endpoints.test_models" name="test_models_endpoint_handler_configuration_not_loaded" time="0.003" /><testcase classname="tests.unit.app.endpoints.test_models" name="test_models_endpoint_handler_improper_llama_stack_configuration" time="0.006" /><testcase classname="tests.unit.app.endpoints.test_models" name="test_models_endpoint_handler_configuration_loaded" time="0.005" /><testcase classname="tests.unit.app.endpoints.test_models" name="test_models_endpoint_handler_unable_to_retrieve_models_list" time="0.004" /><testcase classname="tests.unit.app.endpoints.test_models" name="test_models_endpoint_llama_stack_connection_error" time="0.007" /><testcase classname="tests.unit.app.endpoints.test_query" name="test_query_endpoint_handler_configuration_not_loaded" time="0.003" /><testcase classname="tests.unit.app.endpoints.test_query" name="test_is_transcripts_enabled" time="0.002" /><testcase classname="tests.unit.app.endpoints.test_query" name="test_is_transcripts_disabled" time="0.001" /><testcase classname="tests.unit.app.endpoints.test_query" name="test_query_endpoint_handler_transcript_storage_disabled" time="0.009" /><testcase classname="tests.unit.app.endpoints.test_query" name="test_query_endpoint_handler_store_transcript" time="0.010" /><testcase classname="tests.unit.app.endpoints.test_query" name="test_select_model_and_provider_id_from_request" time="0.002" /><testcase classname="tests.unit.app.endpoints.test_query" name="test_select_model_and_provider_id_from_configuration" time="0.002" /><testcase classname="tests.unit.app.endpoints.test_query" name="test_select_model_and_provider_id_first_from_list" time="0.001" /><testcase classname="tests.unit.app.endpoints.test_query" name="test_select_model_and_provider_id_invalid_model" time="0.004" /><testcase classname="tests.unit.app.endpoints.test_query" name="test_select_model_and_provider_id_no_available_models" time="0.004" /><testcase classname="tests.unit.app.endpoints.test_query" name="test_validate_attachments_metadata" time="0.001" /><testcase classname="tests.unit.app.endpoints.test_query" name="test_validate_attachments_metadata_invalid_type" time="0.003" /><testcase classname="tests.unit.app.endpoints.test_query" name="test_validate_attachments_metadata_invalid_content_type" time="0.003" /><testcase classname="tests.unit.app.endpoints.test_query" name="test_retrieve_response_no_returned_message" time="0.012" /><testcase classname="tests.unit.app.endpoints.test_query" name="test_retrieve_response_message_without_content" time="0.007" /><testcase classname="tests.unit.app.endpoints.test_query" name="test_retrieve_response_vector_db_available" time="0.006" /><testcase classname="tests.unit.app.endpoints.test_query" name="test_retrieve_response_no_available_shields" time="0.005" /><testcase classname="tests.unit.app.endpoints.test_query" name="test_retrieve_response_one_available_shield" time="0.007" /><testcase classname="tests.unit.app.endpoints.test_query" name="test_retrieve_response_two_available_shields" time="0.007" /><testcase classname="tests.unit.app.endpoints.test_query" name="test_retrieve_response_four_available_shields" time="0.009" /><testcase classname="tests.unit.app.endpoints.test_query" name="test_retrieve_response_with_one_attachment" time="0.008" /><testcase classname="tests.unit.app.endpoints.test_query" name="test_retrieve_response_with_two_attachments" time="0.006" /><testcase classname="tests.unit.app.endpoints.test_query" name="test_retrieve_response_with_mcp_servers" time="0.006" /><testcase classname="tests.unit.app.endpoints.test_query" name="test_retrieve_response_with_mcp_servers_empty_token" time="0.006" /><testcase classname="tests.unit.app.endpoints.test_query" name="test_retrieve_response_with_mcp_servers_and_mcp_headers" time="0.008" /><testcase classname="tests.unit.app.endpoints.test_query" name="test_retrieve_response_shield_violation" time="0.008" /><testcase classname="tests.unit.app.endpoints.test_query" name="test_get_rag_toolgroups" time="0.001" /><testcase classname="tests.unit.app.endpoints.test_query" name="test_query_endpoint_handler_on_connection_error" time="0.007" /><testcase classname="tests.unit.app.endpoints.test_query" name="test_auth_tuple_unpacking_in_query_endpoint_handler" time="0.007" /><testcase classname="tests.unit.app.endpoints.test_query" name="test_query_endpoint_handler_no_tools_true" time="0.007" /><testcase classname="tests.unit.app.endpoints.test_query" name="test_query_endpoint_handler_no_tools_false" time="0.007" /><testcase classname="tests.unit.app.endpoints.test_query" name="test_retrieve_response_no_tools_bypasses_mcp_and_rag" time="0.009" /><testcase classname="tests.unit.app.endpoints.test_query" name="test_retrieve_response_no_tools_false_preserves_functionality" time="0.008" /><testcase classname="tests.unit.app.endpoints.test_query" name="test_no_tools_parameter_backward_compatibility" time="0.001" /><testcase classname="tests.unit.app.endpoints.test_query" name="test_evaluate_model_hints[No user conversation, no request values]" time="0.001" /><testcase classname="tests.unit.app.endpoints.test_query" name="test_evaluate_model_hints[No user conversation, request values provided]" time="0.001" /><testcase classname="tests.unit.app.endpoints.test_query" name="test_evaluate_model_hints[User conversation exists, no request values]" time="0.001" /><testcase classname="tests.unit.app.endpoints.test_query" name="test_evaluate_model_hints[Request matches user conversation]" time="0.001" /><testcase classname="tests.unit.app.endpoints.test_root" name="test_root_endpoint" time="0.001" /><testcase classname="tests.unit.app.endpoints.test_streaming_query" name="test_streaming_query_endpoint_handler_configuration_not_loaded" time="0.004" /><testcase classname="tests.unit.app.endpoints.test_streaming_query" name="test_streaming_query_endpoint_on_connection_error" time="0.009" /><testcase classname="tests.unit.app.endpoints.test_streaming_query" name="test_streaming_query_endpoint_handler" time="0.086" /><testcase classname="tests.unit.app.endpoints.test_streaming_query" name="test_streaming_query_endpoint_handler_store_transcript" time="0.011" /><testcase classname="tests.unit.app.endpoints.test_streaming_query" name="test_retrieve_response_vector_db_available" time="0.007" /><testcase classname="tests.unit.app.endpoints.test_streaming_query" name="test_retrieve_response_no_available_shields" time="0.007" /><testcase classname="tests.unit.app.endpoints.test_streaming_query" name="test_retrieve_response_one_available_shield" time="0.007" /><testcase classname="tests.unit.app.endpoints.test_streaming_query" name="test_retrieve_response_two_available_shields" time="0.006" /><testcase classname="tests.unit.app.endpoints.test_streaming_query" name="test_retrieve_response_four_available_shields" time="0.007" /><testcase classname="tests.unit.app.endpoints.test_streaming_query" name="test_retrieve_response_with_one_attachment" time="0.005" /><testcase classname="tests.unit.app.endpoints.test_streaming_query" name="test_retrieve_response_with_two_attachments" time="0.006" /><testcase classname="tests.unit.app.endpoints.test_streaming_query" name="test_stream_build_event_turn_start" time="0.002" /><testcase classname="tests.unit.app.endpoints.test_streaming_query" name="test_stream_build_event_turn_awaiting_input" time="0.003" /><testcase classname="tests.unit.app.endpoints.test_streaming_query" name="test_stream_build_event_turn_complete" time="0.001" /><testcase classname="tests.unit.app.endpoints.test_streaming_query" name="test_stream_build_event_shield_call_step_complete_no_violation" time="0.004" /><testcase classname="tests.unit.app.endpoints.test_streaming_query" name="test_stream_build_event_shield_call_step_complete_with_violation" time="0.004" /><testcase classname="tests.unit.app.endpoints.test_streaming_query" name="test_stream_build_event_step_progress" time="0.001" /><testcase classname="tests.unit.app.endpoints.test_streaming_query" name="test_stream_build_event_step_progress_tool_call_str" time="0.003" /><testcase classname="tests.unit.app.endpoints.test_streaming_query" name="test_stream_build_event_step_progress_tool_call_tool_call" time="0.002" /><testcase classname="tests.unit.app.endpoints.test_streaming_query" name="test_stream_build_event_step_complete" time="0.002" /><testcase classname="tests.unit.app.endpoints.test_streaming_query" name="test_stream_build_event_error" time="0.001" /><testcase classname="tests.unit.app.endpoints.test_streaming_query" name="test_stream_build_event_returns_heartbeat" time="0.001" /><testcase classname="tests.unit.app.endpoints.test_streaming_query" name="test_retrieve_response_with_mcp_servers" time="0.006" /><testcase classname="tests.unit.app.endpoints.test_streaming_query" name="test_retrieve_response_with_mcp_servers_empty_token" time="0.006" /><testcase classname="tests.unit.app.endpoints.test_streaming_query" name="test_retrieve_response_with_mcp_servers_and_mcp_headers" time="0.006" /><testcase classname="tests.unit.app.endpoints.test_streaming_query" name="test_auth_tuple_unpacking_in_streaming_query_endpoint_handler" time="0.007" /><testcase classname="tests.unit.app.endpoints.test_streaming_query" name="test_streaming_query_endpoint_handler_no_tools_true" time="0.006" /><testcase classname="tests.unit.app.endpoints.test_streaming_query" name="test_streaming_query_endpoint_handler_no_tools_false" time="0.006" /><testcase classname="tests.unit.app.endpoints.test_streaming_query" name="test_retrieve_response_no_tools_bypasses_mcp_and_rag" time="0.005" /><testcase classname="tests.unit.app.endpoints.test_streaming_query" name="test_retrieve_response_no_tools_false_preserves_functionality" time="0.005" /><testcase classname="tests.unit.app.test_routers" name="test_include_routers" time="0.001" /><testcase classname="tests.unit.app.test_routers" name="test_check_prefixes" time="0.001" /><testcase classname="tests.unit.auth.test_auth" name="test_get_auth_dependency_noop" time="0.001" /><testcase classname="tests.unit.auth.test_auth" name="test_get_auth_dependency_noop_with_token" time="0.001" /><testcase classname="tests.unit.auth.test_auth" name="test_get_auth_dependency_k8s" time="0.001" /><testcase classname="tests.unit.auth.test_jwk_token" name="test_valid" time="0.058" /><testcase classname="tests.unit.auth.test_jwk_token" name="test_expired" time="0.077" /><testcase classname="tests.unit.auth.test_jwk_token" name="test_invalid" time="0.290" /><testcase classname="tests.unit.auth.test_jwk_token" name="test_no_auth_header" time="0.116" /><testcase classname="tests.unit.auth.test_jwk_token" name="test_no_bearer" time="0.040" /><testcase classname="tests.unit.auth.test_jwk_token" name="test_no_user_id" time="0.058" /><testcase classname="tests.unit.auth.test_jwk_token" name="test_no_username" time="0.054" /><testcase classname="tests.unit.auth.test_jwk_token" name="test_custom_claims" time="0.125" /><testcase classname="tests.unit.auth.test_jwk_token" name="test_multi_key_valid" time="0.138" /><testcase classname="tests.unit.auth.test_jwk_token" name="test_multi_key_no_kid" time="0.172" /><testcase classname="tests.unit.auth.test_k8s" name="test_singleton_pattern" time="0.010" /><testcase classname="tests.unit.auth.test_k8s" name="test_auth_dependency_valid_token" time="0.004" /><testcase classname="tests.unit.auth.test_k8s" name="test_auth_dependency_invalid_token" time="0.004" /><testcase classname="tests.unit.auth.test_k8s" name="test_cluster_id_is_used_for_kube_admin" time="0.004" /><testcase classname="tests.unit.auth.test_k8s" name="test_auth_dependency_config" time="0.002" /><testcase classname="tests.unit.auth.test_k8s" name="test_get_cluster_id" time="0.013" /><testcase classname="tests.unit.auth.test_k8s" name="test_get_cluster_id_in_cluster" time="0.002" /><testcase classname="tests.unit.auth.test_k8s" name="test_get_cluster_id_outside_of_cluster" time="0.003" /><testcase classname="tests.unit.auth.test_noop" name="test_noop_auth_dependency" time="0.004" /><testcase classname="tests.unit.auth.test_noop" name="test_noop_auth_dependency_custom_user_id" time="0.003" /><testcase classname="tests.unit.auth.test_noop_with_token" name="test_noop_with_token_auth_dependency" time="0.004" /><testcase classname="tests.unit.auth.test_noop_with_token" name="test_noop_with_token_auth_dependency_custom_user_id" time="0.004" /><testcase classname="tests.unit.auth.test_noop_with_token" name="test_noop_with_token_auth_dependency_no_token" time="0.003" /><testcase classname="tests.unit.auth.test_noop_with_token" name="test_noop_with_token_auth_dependency_no_bearer" time="0.003" /><testcase classname="tests.unit.auth.test_utils" name="test_extract_user_token" time="0.001" /><testcase classname="tests.unit.auth.test_utils" name="test_extract_user_token_no_header" time="0.001" /><testcase classname="tests.unit.auth.test_utils" name="test_extract_user_token_invalid_format" time="0.001" /><testcase classname="tests.unit.metrics.test_utis" name="test_setup_model_metrics" time="0.017" /><testcase classname="tests.unit.models.test_config" name="test_service_configuration_constructor" time="0.001" /><testcase classname="tests.unit.models.test_config" name="test_service_configuration_port_value" time="0.004" /><testcase classname="tests.unit.models.test_config" name="test_service_configuration_workers_value" time="0.001" /><testcase classname="tests.unit.models.test_config" name="test_llama_stack_configuration_constructor" time="0.001" /><testcase classname="tests.unit.models.test_config" name="test_llama_stack_configuration_no_run_yaml" time="0.003" /><testcase classname="tests.unit.models.test_config" name="test_llama_stack_wrong_configuration_constructor_no_url" time="0.004" /><testcase classname="tests.unit.models.test_config" name="test_llama_stack_wrong_configuration_constructor_library_mode_off" time="0.004" /><testcase classname="tests.unit.models.test_config" name="test_llama_stack_wrong_configuration_no_config_file" time="0.005" /><testcase classname="tests.unit.models.test_config" name="test_inference_constructor" time="0.001" /><testcase classname="tests.unit.models.test_config" name="test_inference_default_model_missing" time="0.004" /><testcase classname="tests.unit.models.test_config" name="test_inference_default_provider_missing" time="0.003" /><testcase classname="tests.unit.models.test_config" name="test_user_data_collection_feedback_enabled" time="0.001" /><testcase classname="tests.unit.models.test_config" name="test_user_data_collection_feedback_disabled" time="0.003" /><testcase classname="tests.unit.models.test_config" name="test_user_data_collection_transcripts_enabled" time="0.001" /><testcase classname="tests.unit.models.test_config" name="test_user_data_collection_transcripts_disabled" time="0.004" /><testcase classname="tests.unit.models.test_config" name="test_cors_default_configuration" time="0.001" /><testcase classname="tests.unit.models.test_config" name="test_cors_custom_configuration_v1" time="0.001" /><testcase classname="tests.unit.models.test_config" name="test_cors_custom_configuration_v2" time="0.001" /><testcase classname="tests.unit.models.test_config" name="test_cors_custom_configuration_v3" time="0.001" /><testcase classname="tests.unit.models.test_config" name="test_cors_improper_configuration" time="0.008" /><testcase classname="tests.unit.models.test_config" name="test_tls_configuration" time="0.001" /><testcase classname="tests.unit.models.test_config" name="test_tls_configuration_in_service_configuration" time="0.001" /><testcase classname="tests.unit.models.test_config" name="test_tls_configuration_wrong_certificate_path" time="0.002" /><testcase classname="tests.unit.models.test_config" name="test_tls_configuration_wrong_key_path" time="0.001" /><testcase classname="tests.unit.models.test_config" name="test_tls_configuration_wrong_password_path" time="0.001" /><testcase classname="tests.unit.models.test_config" name="test_tls_configuration_certificate_path_to_directory" time="0.001" /><testcase classname="tests.unit.models.test_config" name="test_tls_configuration_key_path_to_directory" time="0.001" /><testcase classname="tests.unit.models.test_config" name="test_tls_configuration_password_path_to_directory" time="0.001" /><testcase classname="tests.unit.models.test_config" name="test_model_context_protocol_server_constructor" time="0.001" /><testcase classname="tests.unit.models.test_config" name="test_model_context_protocol_server_custom_provider" time="0.001" /><testcase classname="tests.unit.models.test_config" name="test_model_context_protocol_server_required_fields" time="0.001" /><testcase classname="tests.unit.models.test_config" name="test_configuration_empty_mcp_servers" time="0.001" /><testcase classname="tests.unit.models.test_config" name="test_configuration_single_mcp_server" time="0.001" /><testcase classname="tests.unit.models.test_config" name="test_configuration_multiple_mcp_servers" time="0.001" /><testcase classname="tests.unit.models.test_config" name="test_dump_configuration" time="0.003" /><testcase classname="tests.unit.models.test_config" name="test_dump_configuration_with_one_mcp_server" time="0.002" /><testcase classname="tests.unit.models.test_config" name="test_dump_configuration_with_more_mcp_servers" time="0.001" /><testcase classname="tests.unit.models.test_config" name="test_authentication_configuration_in_config" time="0.001" /><testcase classname="tests.unit.models.test_config" name="test_authentication_configuration" time="0.001" /><testcase classname="tests.unit.models.test_config" name="test_authentication_configuration_jwk_token" time="0.001" /><testcase classname="tests.unit.models.test_config" name="test_authentication_configuration_jwk_token_but_insufficient_config" time="0.002" /><testcase classname="tests.unit.models.test_config" name="test_authentication_configuration_jwk_token_but_not_config" time="0.004" /><testcase classname="tests.unit.models.test_config" name="test_authentication_configuration_supported" time="0.001" /><testcase classname="tests.unit.models.test_config" name="test_authentication_configuration_module_unsupported" time="0.002" /><testcase classname="tests.unit.models.test_config" name="test_postgresql_database_configuration" time="0.001" /><testcase classname="tests.unit.models.test_config" name="test_postgresql_database_configuration_port_setting" time="0.009" /><testcase classname="tests.unit.models.test_config" name="test_postgresql_database_configuration_ca_cert_path" time="0.003" /><testcase classname="tests.unit.models.test_requests.TestAttachment" name="test_constructor" time="0.001" /><testcase classname="tests.unit.models.test_requests.TestAttachment" name="test_constructor_unknown_attachment_type" time="0.001" /><testcase classname="tests.unit.models.test_requests.TestQueryRequest" name="test_constructor" time="0.001" /><testcase classname="tests.unit.models.test_requests.TestQueryRequest" name="test_with_attachments" time="0.001" /><testcase classname="tests.unit.models.test_requests.TestQueryRequest" name="test_with_optional_fields" time="0.001" /><testcase classname="tests.unit.models.test_requests.TestQueryRequest" name="test_get_documents" time="0.001" /><testcase classname="tests.unit.models.test_requests.TestQueryRequest" name="test_get_documents_no_attachments" time="0.001" /><testcase classname="tests.unit.models.test_requests.TestQueryRequest" name="test_validate_provider_and_model" time="0.006" /><testcase classname="tests.unit.models.test_requests.TestQueryRequest" name="test_validate_media_type" time="0.002" /><testcase classname="tests.unit.models.test_requests.TestFeedbackRequest" name="test_constructor" time="0.001" /><testcase classname="tests.unit.models.test_requests.TestFeedbackRequest" name="test_check_invalid_uuid_format" time="0.002" /><testcase classname="tests.unit.models.test_requests.TestFeedbackRequest" name="test_check_sentiment" time="0.003" /><testcase classname="tests.unit.models.test_requests.TestFeedbackRequest" name="test_check_feedback_provided" time="0.003" /><testcase classname="tests.unit.models.test_requests.TestFeedbackRequest" name="test_feedback_too_long" time="0.002" /><testcase classname="tests.unit.models.test_requests.TestFeedbackRequest" name="test_with_categories" time="0.001" /><testcase classname="tests.unit.models.test_requests.TestFeedbackRequest" name="test_with_single_category" time="0.001" /><testcase classname="tests.unit.models.test_requests.TestFeedbackRequest" name="test_categories_with_duplicates" time="0.001" /><testcase classname="tests.unit.models.test_requests.TestFeedbackRequest" name="test_empty_categories_converted_to_none" time="0.001" /><testcase classname="tests.unit.models.test_requests.TestFeedbackRequest" name="test_categories_only_feedback" time="0.001" /><testcase classname="tests.unit.models.test_requests.TestFeedbackRequest" name="test_mixed_feedback_types" time="0.001" /><testcase classname="tests.unit.models.test_requests.TestFeedbackRequest" name="test_all_feedback_categories" time="0.001" /><testcase classname="tests.unit.models.test_requests.TestFeedbackRequest" name="test_categories_invalid_type" time="0.001" /><testcase classname="tests.unit.models.test_responses.TestQueryResponse" name="test_constructor" time="0.001" /><testcase classname="tests.unit.models.test_responses.TestQueryResponse" name="test_optional_conversation_id" time="0.001" /><testcase classname="tests.unit.models.test_responses.TestStatusResponse" name="test_constructor_feedback_enabled" time="0.001" /><testcase classname="tests.unit.models.test_responses.TestStatusResponse" name="test_constructor_feedback_disabled" time="0.001" /><testcase classname="tests.unit.models.test_responses.TestAuthorizedResponse" name="test_constructor" time="0.001" /><testcase classname="tests.unit.models.test_responses.TestAuthorizedResponse" name="test_constructor_fields_required" time="0.001" /><testcase classname="tests.unit.models.test_responses.TestUnauthorizedResponse" name="test_constructor" time="0.001" /><testcase classname="tests.unit.models.test_responses.TestUnauthorizedResponse" name="test_constructor_fields_required" time="0.001" /><testcase classname="tests.unit.runners.test_uvicorn_runner" name="test_start_uvicorn" time="0.002" /><testcase classname="tests.unit.runners.test_uvicorn_runner" name="test_start_uvicorn_different_host_port" time="0.001" /><testcase classname="tests.unit.runners.test_uvicorn_runner" name="test_start_uvicorn_empty_tls_configuration" time="0.001" /><testcase classname="tests.unit.runners.test_uvicorn_runner" name="test_start_uvicorn_tls_configuration" time="0.002" /><testcase classname="tests.unit.test_client" name="test_async_client_get_client_method" time="0.005" /><testcase classname="tests.unit.test_client" name="test_get_async_llama_stack_library_client" time="1.067" /><testcase classname="tests.unit.test_client" name="test_get_async_llama_stack_remote_client" time="0.015" /><testcase classname="tests.unit.test_client" name="test_get_async_llama_stack_wrong_configuration" time="0.008" /><testcase classname="tests.unit.test_configuration" name="test_default_configuration" time="0.003" /><testcase classname="tests.unit.test_configuration" name="test_configuration_is_singleton" time="0.001" /><testcase classname="tests.unit.test_configuration" name="test_init_from_dict" time="0.001" /><testcase classname="tests.unit.test_configuration" name="test_init_from_dict_with_mcp_servers" time="0.001" /><testcase classname="tests.unit.test_configuration" name="test_load_proper_configuration" time="0.005" /><testcase classname="tests.unit.test_configuration" name="test_load_configuration_with_mcp_servers" time="0.005" /><testcase classname="tests.unit.test_configuration" name="test_mcp_servers_property_empty" time="0.001" /><testcase classname="tests.unit.test_configuration" name="test_mcp_servers_property_with_servers" time="0.001" /><testcase classname="tests.unit.test_configuration" name="test_configuration_not_loaded" time="0.001" /><testcase classname="tests.unit.test_configuration" name="test_service_configuration_not_loaded" time="0.001" /><testcase classname="tests.unit.test_configuration" name="test_llama_stack_configuration_not_loaded" time="0.001" /><testcase classname="tests.unit.test_configuration" name="test_user_data_collection_configuration_not_loaded" time="0.001" /><testcase classname="tests.unit.test_configuration" name="test_mcp_servers_not_loaded" time="0.001" /><testcase classname="tests.unit.test_configuration" name="test_authentication_configuration_not_loaded" time="0.001" /><testcase classname="tests.unit.test_configuration" name="test_customization_not_loaded" time="0.001" /><testcase classname="tests.unit.test_configuration" name="test_load_configuration_with_customization_system_prompt_path" time="0.006" /><testcase classname="tests.unit.test_configuration" name="test_load_configuration_with_customization_system_prompt" time="0.006" /><testcase classname="tests.unit.test_lightspeed_stack" name="test_create_argument_parser" time="0.001" /><testcase classname="tests.unit.test_log" name="test_get_logger" time="0.001" /><testcase classname="tests.unit.utils.test_checks" name="test_get_attribute_from_file_no_record" time="0.001" /><testcase classname="tests.unit.utils.test_checks" name="test_get_attribute_from_file_proper_record" time="0.001" /><testcase classname="tests.unit.utils.test_checks" name="test_get_attribute_from_file_improper_filename" time="0.002" /><testcase classname="tests.unit.utils.test_checks" name="test_file_check_existing_file" time="0.001" /><testcase classname="tests.unit.utils.test_checks" name="test_file_check_non_existing_file" time="0.001" /><testcase classname="tests.unit.utils.test_checks" name="test_file_check_not_readable_file" time="0.002" /><testcase classname="tests.unit.utils.test_common" name="test_register_mcp_servers_empty_list" time="0.003" /><testcase classname="tests.unit.utils.test_common" name="test_register_mcp_servers_single_server_not_registered" time="0.006" /><testcase classname="tests.unit.utils.test_common" name="test_register_mcp_servers_single_server_already_registered" time="0.005" /><testcase classname="tests.unit.utils.test_common" name="test_register_mcp_servers_multiple_servers_mixed_registration" time="0.005" /><testcase classname="tests.unit.utils.test_common" name="test_register_mcp_servers_with_custom_provider" time="0.005" /><testcase classname="tests.unit.utils.test_common" name="test_register_mcp_servers_async_with_library_client" time="0.006" /><testcase classname="tests.unit.utils.test_endpoints" name="test_get_default_system_prompt" time="0.001" /><testcase classname="tests.unit.utils.test_endpoints" name="test_get_customized_system_prompt" time="0.001" /><testcase classname="tests.unit.utils.test_endpoints" name="test_get_query_system_prompt" time="0.001" /><testcase classname="tests.unit.utils.test_endpoints" name="test_get_query_system_prompt_not_customized_one" time="0.001" /><testcase classname="tests.unit.utils.test_endpoints" name="test_get_system_prompt_with_disable_query_system_prompt" time="0.001" /><testcase classname="tests.unit.utils.test_endpoints" name="test_get_system_prompt_with_disable_query_system_prompt_and_non_system_prompt_query" time="0.001" /><testcase classname="tests.unit.utils.test_endpoints" name="test_get_agent_with_conversation_id" time="0.006" /><testcase classname="tests.unit.utils.test_endpoints" name="test_get_agent_with_conversation_id_and_no_agent_in_llama_stack" time="0.006" /><testcase classname="tests.unit.utils.test_endpoints" name="test_get_agent_no_conversation_id" time="0.007" /><testcase classname="tests.unit.utils.test_endpoints" name="test_get_agent_empty_shields" time="0.005" /><testcase classname="tests.unit.utils.test_endpoints" name="test_get_agent_multiple_mcp_servers" time="0.005" /><testcase classname="tests.unit.utils.test_endpoints" name="test_get_agent_session_persistence_enabled" time="0.005" /><testcase classname="tests.unit.utils.test_endpoints" name="test_get_agent_no_tools_no_parser" time="0.005" /><testcase classname="tests.unit.utils.test_endpoints" name="test_get_agent_no_tools_false_preserves_parser" time="0.006" /><testcase classname="tests.unit.utils.test_llama_stack_version" name="test_check_llama_stack_version_minimal_supported_version" time="0.003" /><testcase classname="tests.unit.utils.test_llama_stack_version" name="test_check_llama_stack_version_maximal_supported_version" time="0.003" /><testcase classname="tests.unit.utils.test_llama_stack_version" name="test_check_llama_stack_version_too_small_version" time="0.005" /><testcase classname="tests.unit.utils.test_llama_stack_version" name="test_check_llama_stack_version_too_big_version" time="0.031" /><testcase classname="tests.unit.utils.test_mcp_headers" name="test_extract_mcp_headers_empty_headers" time="0.001" /><testcase classname="tests.unit.utils.test_mcp_headers" name="test_extract_mcp_headers_mcp_headers_empty" time="0.001" /><testcase classname="tests.unit.utils.test_mcp_headers" name="test_extract_mcp_headers_valid_mcp_header" time="0.001" /><testcase classname="tests.unit.utils.test_mcp_headers" name="test_extract_mcp_headers_valid_mcp_headers" time="0.001" /><testcase classname="tests.unit.utils.test_mcp_headers" name="test_extract_mcp_headers_invalid_json_mcp_header" time="0.004" /><testcase classname="tests.unit.utils.test_mcp_headers" name="test_extract_mcp_headers_invalid_mcp_header_type" time="0.005" /><testcase classname="tests.unit.utils.test_mcp_headers" name="test_extract_mcp_headers_invalid_mcp_header_null_value" time="0.003" /><testcase classname="tests.unit.utils.test_mcp_headers" name="test_mcp_headers_dependency_empty_headers" time="0.002" /><testcase classname="tests.unit.utils.test_mcp_headers" name="test_mcp_headers_dependency_mcp_headers_empty" time="0.002" /><testcase classname="tests.unit.utils.test_mcp_headers" name="test_mcp_headers_dependency_valid_mcp_header" time="0.002" /><testcase classname="tests.unit.utils.test_mcp_headers" name="test_mcp_headers_dependency_valid_mcp_headers" time="0.002" /><testcase classname="tests.unit.utils.test_mcp_headers" name="test_mcp_headers_dependency_invalid_json_mcp_header" time="0.004" /><testcase classname="tests.unit.utils.test_mcp_headers" name="test_mcp_headers_dependency_invalid_mcp_header_type" time="0.004" /><testcase classname="tests.unit.utils.test_mcp_headers" name="test_mcp_headers_dependency_invalid_mcp_header_null_value" time="0.004" /><testcase classname="tests.unit.utils.test_suid.TestSUID" name="test_get_suid" time="0.001" /><testcase classname="tests.unit.utils.test_suid.TestSUID" name="test_check_suid_valid" time="0.001" /><testcase classname="tests.unit.utils.test_suid.TestSUID" name="test_check_suid_invalid" time="0.001" /><testcase classname="tests.unit.utils.test_transcripts" name="test_construct_transcripts_path" time="0.001" /><testcase classname="tests.unit.utils.test_transcripts" name="test_store_transcript" time="0.005" /><testcase classname="tests.unit.utils.test_types.TestGraniteToolParser" name="test_get_tool_parser_when_model_is_is_not_granite" time="0.001" /><testcase classname="tests.unit.utils.test_types.TestGraniteToolParser" name="test_get_tool_parser_when_model_id_does_not_start_with_granite" time="0.001" /><testcase classname="tests.unit.utils.test_types.TestGraniteToolParser" name="test_get_tool_parser_when_model_id_starts_with_granite" time="0.001" /><testcase classname="tests.unit.utils.test_types.TestGraniteToolParser" name="test_get_tool_calls_from_completion_message_when_none" time="0.001" /><testcase classname="tests.unit.utils.test_types.TestGraniteToolParser" name="test_get_tool_calls_from_completion_message_when_not_none" time="0.001" /><testcase classname="tests.unit.utils.test_types.TestGraniteToolParser" name="test_get_tool_calls_from_completion_message_when_message_has_tool_calls" time="0.004" /></testsuite></testsuites>